<?xml version="1.0" encoding="UTF-8"?>
<!-- Generated by org.testng.reporters.JUnitReportReporter -->
<testsuite hostname="Kyles-MacBook-Pro.local" name="com.mysite.myproject.NewTest" tests="1" failures="0" timestamp="23 Jan 2017 19:28:57 GMT" time="17.478" errors="0">
  <testcase name="SendToSelectRecipientsWithOutImage" time="17.478" classname="com.mysite.myproject.NewTest"/>
</testsuite> <!-- com.mysite.myproject.NewTest -->
